2024-01-08 20:24:44,064 - aqt.helper - DEBUG - helper 140473644083008 Attempt to download checksum at https://download.qt.io/online/qtsdkrepository/linux_x64/desktop/qt6_660/Updates.xml.sha256
2024-01-08 20:24:45,479 - aqt.main - ERROR - installer 140473644083008 No modules available for this request.
==============================Suggested follow-up:==============================
* Please use 'aqt list-qt linux desktop' to show versions of Qt available.
* Please use 'aqt list-qt linux desktop --arch <QT_VERSION>' to list valid architectures.
2024-01-08 20:25:04,843 - aqt.helper - DEBUG - helper 139717851502400 Attempt to download checksum at https://download.qt.io/online/qtsdkrepository/linux_x64/desktop/qt6_660/Updates.xml.sha256
2024-01-08 20:25:05,995 - aqt.main - ERROR - installer 139717851502400 No modules available for this request.
==============================Suggested follow-up:==============================
* Please use 'aqt list-qt linux desktop' to show versions of Qt available.
* Please use 'aqt list-qt linux desktop --arch <QT_VERSION>' to list valid architectures.
2024-01-08 20:25:20,212 - aqt.helper - DEBUG - helper 140012165424960 Attempt to download checksum at https://download.qt.io/online/qtsdkrepository/linux_x64/desktop/qt6_660/Updates.xml.sha256
2024-01-08 20:25:21,863 - aqt.main - ERROR - installer 140012165424960 No modules available for this request.
==============================Suggested follow-up:==============================
* Please use 'aqt list-qt linux desktop' to show versions of Qt available.
* Please use 'aqt list-qt linux desktop --arch <QT_VERSION>' to list valid architectures.
2024-01-08 20:25:29,972 - aqt.helper - DEBUG - helper 139758949386048 Attempt to download checksum at https://download.qt.io/online/qtsdkrepository/linux_x64/desktop/qt6_660/Updates.xml.sha256
2024-01-08 20:25:31,097 - aqt.helper - DEBUG - helper 139758949386048 Attempt to download checksum at https://download.qt.io/online/qtsdkrepository/linux_x64/desktop/qt6_660_wasm_singlethread/Updates.xml.sha256
2024-01-08 20:25:32,381 - aqt.helper - DEBUG - helper 139758949386048 Attempt to download checksum at https://download.qt.io/online/qtsdkrepository/linux_x64/desktop/qt6_660_wasm_multithread/Updates.xml.sha256
2024-01-08 20:25:40,298 - aqt.helper - DEBUG - helper 139975958148928 Attempt to download checksum at https://download.qt.io/online/qtsdkrepository/linux_x64/desktop/qt6_660/Updates.xml.sha256
2024-01-08 23:38:48,762 - aqt.main - INFO - installer 140204606871360 aqtinstall(aqt) v3.1.11 on Python 3.11.6 [CPython GCC 13.2.1 20230801]
2024-01-08 23:38:48,762 - aqt.main - WARNING - installer 140204606871360 Specified target combination "linux 6.6.0 wasm_singlethread" did not exist when this version of aqtinstall was released. This may not install properly, but we will try our best.
2024-01-08 23:38:48,762 - aqt.helper - DEBUG - helper 140204606871360 Attempt to download checksum at https://download.qt.io/online/qtsdkrepository/linux_x64/desktop/6.6.0/Updates.xml.sha256
2024-01-08 23:38:49,313 - aqt.helper - DEBUG - helper 140204606871360 Attempt to download checksum at https://download.qt.io/online/qtsdkrepository/linux_x64/desktop/6.6.0/Updates.xml.sha256
2024-01-08 23:38:49,884 - aqt.helper - DEBUG - helper 140204606871360 Attempt to download checksum at https://download.qt.io/online/qtsdkrepository/linux_x64/desktop/6.6.0/Updates.xml.sha256
2024-01-08 23:38:50,470 - aqt.helper - DEBUG - helper 140204606871360 Attempt to download checksum at https://download.qt.io/online/qtsdkrepository/linux_x64/desktop/6.6.0/Updates.xml.sha256
2024-01-08 23:38:51,084 - aqt.helper - DEBUG - helper 140204606871360 Attempt to download checksum at https://download.qt.io/online/qtsdkrepository/linux_x64/desktop/6.6.0/Updates.xml.sha256
2024-01-08 23:38:51,785 - aqt.archives - WARNING - archives 140204606871360 Failed to download checksum for the file 'Updates.xml'. This may happen on unofficial mirrors.
2024-01-08 23:38:52,365 - aqt.main - ERROR - installer 140204606871360 Failed to locate XML data for the tool '6.6.0'.
==============================Suggested follow-up:==============================
* Please use 'aqt list-tool linux desktop' to show tools available.
2024-01-08 23:39:07,961 - aqt.main - INFO - installer 139911347472192 aqtinstall(aqt) v3.1.11 on Python 3.11.6 [CPython GCC 13.2.1 20230801]
2024-01-08 23:39:07,962 - aqt.helper - DEBUG - helper 139911347472192 Attempt to download checksum at https://download.qt.io/online/qtsdkrepository/linux_x64/desktop/tools_widgets/Updates.xml.sha256
2024-01-08 23:39:08,517 - aqt.helper - DEBUG - helper 139911347472192 Attempt to download checksum at https://download.qt.io/online/qtsdkrepository/linux_x64/desktop/tools_widgets/Updates.xml.sha256
2024-01-08 23:39:09,154 - aqt.helper - DEBUG - helper 139911347472192 Attempt to download checksum at https://download.qt.io/online/qtsdkrepository/linux_x64/desktop/tools_widgets/Updates.xml.sha256
2024-01-08 23:39:09,843 - aqt.helper - DEBUG - helper 139911347472192 Attempt to download checksum at https://download.qt.io/online/qtsdkrepository/linux_x64/desktop/tools_widgets/Updates.xml.sha256
2024-01-08 23:39:10,491 - aqt.helper - DEBUG - helper 139911347472192 Attempt to download checksum at https://download.qt.io/online/qtsdkrepository/linux_x64/desktop/tools_widgets/Updates.xml.sha256
2024-01-08 23:39:11,088 - aqt.main - ERROR - installer 139911347472192 Failed to locate XML data for the tool 'widgets'.
==============================Suggested follow-up:==============================
* Please use 'aqt list-tool linux desktop' to check what tools are available.
2024-01-08 23:42:23,430 - aqt.main - INFO - installer 140160658646848 aqtinstall(aqt) v3.1.11 on Python 3.11.6 [CPython GCC 13.2.1 20230801]
2024-01-08 23:42:23,431 - aqt.main - WARNING - installer 140160658646848 You are installing the Qt6-WASM version of Qt, which requires that the desktop version of Qt is also installed. You can install it with the following command:
          `aqt install-qt linux desktop 6.6.0 gcc_64`
2024-01-08 23:42:23,432 - aqt.helper - DEBUG - helper 140160658646848 Attempt to download checksum at https://download.qt.io/online/qtsdkrepository/linux_x64/desktop/qt6_660_wasm_singlethread/Updates.xml.sha256
2024-01-08 23:42:25,082 - aqt.helper - DEBUG - helper 140482330556224 Attempt to download checksum at https://download.qt.io/online/qtsdkrepository/linux_x64/desktop/qt6_660_wasm_singlethread/qt.qt6.660.wasm_singlethread/6.6.0-0-202310040911qtbase-Windows-Windows_10_22H2-Clang-Windows-WebAssembly-X86_64.7z.sha256
2024-01-08 23:42:25,102 - aqt.helper - DEBUG - helper 140442161604416 Attempt to download checksum at https://download.qt.io/online/qtsdkrepository/linux_x64/desktop/qt6_660_wasm_singlethread/qt.qt6.660.wasm_singlethread/6.6.0-0-202310040911qtsvg-Windows-Windows_10_22H2-Clang-Windows-WebAssembly-X86_64.7z.sha256
2024-01-08 23:42:25,105 - aqt.helper - DEBUG - helper 140083154184000 Attempt to download checksum at https://download.qt.io/online/qtsdkrepository/linux_x64/desktop/qt6_660_wasm_singlethread/qt.qt6.660.wasm_singlethread/6.6.0-0-202310040911qtdeclarative-Windows-Windows_10_22H2-Clang-Windows-WebAssembly-X86_64.7z.sha256
2024-01-08 23:42:25,110 - aqt.helper - DEBUG - helper 140029702100800 Attempt to download checksum at https://download.qt.io/online/qtsdkrepository/linux_x64/desktop/qt6_660_wasm_singlethread/qt.qt6.660.wasm_singlethread/6.6.0-0-202310040911qttools-Windows-Windows_10_22H2-Clang-Windows-WebAssembly-X86_64.7z.sha256
2024-01-08 23:42:25,661 - aqt.helper - INFO - helper 140083154184000 Downloading qtdeclarative...
2024-01-08 23:42:25,663 - aqt.installer - DEBUG - installer 140083154184000 Download URL: https://download.qt.io/online/qtsdkrepository/linux_x64/desktop/qt6_660_wasm_singlethread/qt.qt6.660.wasm_singlethread/6.6.0-0-202310040911qtdeclarative-Windows-Windows_10_22H2-Clang-Windows-WebAssembly-X86_64.7z
2024-01-08 23:42:25,664 - aqt.helper - INFO - helper 140442161604416 Downloading qtsvg...
2024-01-08 23:42:25,665 - aqt.installer - DEBUG - installer 140442161604416 Download URL: https://download.qt.io/online/qtsdkrepository/linux_x64/desktop/qt6_660_wasm_singlethread/qt.qt6.660.wasm_singlethread/6.6.0-0-202310040911qtsvg-Windows-Windows_10_22H2-Clang-Windows-WebAssembly-X86_64.7z
2024-01-08 23:42:25,699 - aqt.helper - INFO - helper 140482330556224 Downloading qtbase...
2024-01-08 23:42:25,700 - aqt.installer - DEBUG - installer 140482330556224 Download URL: https://download.qt.io/online/qtsdkrepository/linux_x64/desktop/qt6_660_wasm_singlethread/qt.qt6.660.wasm_singlethread/6.6.0-0-202310040911qtbase-Windows-Windows_10_22H2-Clang-Windows-WebAssembly-X86_64.7z
2024-01-08 23:42:25,724 - aqt.helper - INFO - helper 140029702100800 Downloading qttools...
2024-01-08 23:42:25,725 - aqt.installer - DEBUG - installer 140029702100800 Download URL: https://download.qt.io/online/qtsdkrepository/linux_x64/desktop/qt6_660_wasm_singlethread/qt.qt6.660.wasm_singlethread/6.6.0-0-202310040911qttools-Windows-Windows_10_22H2-Clang-Windows-WebAssembly-X86_64.7z
2024-01-08 23:42:26,252 - aqt.helper - DEBUG - helper 140442161604416 Asked to redirect(302) to: https://qt.mirror.constant.com/online/qtsdkrepository/linux_x64/desktop/qt6_660_wasm_singlethread/qt.qt6.660.wasm_singlethread/6.6.0-0-202310040911qtsvg-Windows-Windows_10_22H2-Clang-Windows-WebAssembly-X86_64.7z
2024-01-08 23:42:26,252 - aqt.helper - DEBUG - helper 140083154184000 Asked to redirect(302) to: https://qt.mirror.constant.com/online/qtsdkrepository/linux_x64/desktop/qt6_660_wasm_singlethread/qt.qt6.660.wasm_singlethread/6.6.0-0-202310040911qtdeclarative-Windows-Windows_10_22H2-Clang-Windows-WebAssembly-X86_64.7z
2024-01-08 23:42:26,252 - aqt.helper - INFO - helper 140083154184000 Redirected: qt.mirror.constant.com
2024-01-08 23:42:26,252 - aqt.helper - INFO - helper 140442161604416 Redirected: qt.mirror.constant.com
2024-01-08 23:42:26,256 - aqt.helper - DEBUG - helper 140482330556224 Asked to redirect(302) to: https://qt.mirror.constant.com/online/qtsdkrepository/linux_x64/desktop/qt6_660_wasm_singlethread/qt.qt6.660.wasm_singlethread/6.6.0-0-202310040911qtbase-Windows-Windows_10_22H2-Clang-Windows-WebAssembly-X86_64.7z
2024-01-08 23:42:26,257 - aqt.helper - INFO - helper 140482330556224 Redirected: qt.mirror.constant.com
2024-01-08 23:42:26,307 - aqt.helper - DEBUG - helper 140029702100800 Asked to redirect(302) to: https://qt.mirror.constant.com/online/qtsdkrepository/linux_x64/desktop/qt6_660_wasm_singlethread/qt.qt6.660.wasm_singlethread/6.6.0-0-202310040911qttools-Windows-Windows_10_22H2-Clang-Windows-WebAssembly-X86_64.7z
2024-01-08 23:42:26,308 - aqt.helper - INFO - helper 140029702100800 Redirected: qt.mirror.constant.com
2024-01-08 23:42:26,674 - aqt.installer - INFO - installer 140442161604416 Finished installation of qtsvg-Windows-Windows_10_22H2-Clang-Windows-WebAssembly-X86_64.7z in 1.57516923
2024-01-08 23:42:26,692 - aqt.helper - DEBUG - helper 140442161604416 Attempt to download checksum at https://download.qt.io/online/qtsdkrepository/linux_x64/desktop/qt6_660_wasm_singlethread/qt.qt6.660.wasm_singlethread/6.6.0-0-202310040911qttranslations-Windows-Windows_10_22H2-Clang-Windows-WebAssembly-X86_64.7z.sha256
2024-01-08 23:42:27,583 - aqt.installer - INFO - installer 140029702100800 Finished installation of qttools-Windows-Windows_10_22H2-Clang-Windows-WebAssembly-X86_64.7z in 2.47669462
2024-01-08 23:42:27,655 - aqt.helper - INFO - helper 140442161604416 Downloading qttranslations...
2024-01-08 23:42:27,655 - aqt.installer - DEBUG - installer 140442161604416 Download URL: https://download.qt.io/online/qtsdkrepository/linux_x64/desktop/qt6_660_wasm_singlethread/qt.qt6.660.wasm_singlethread/6.6.0-0-202310040911qttranslations-Windows-Windows_10_22H2-Clang-Windows-WebAssembly-X86_64.7z
2024-01-08 23:42:28,520 - aqt.helper - DEBUG - helper 140442161604416 Asked to redirect(302) to: https://qt.mirror.constant.com/online/qtsdkrepository/linux_x64/desktop/qt6_660_wasm_singlethread/qt.qt6.660.wasm_singlethread/6.6.0-0-202310040911qttranslations-Windows-Windows_10_22H2-Clang-Windows-WebAssembly-X86_64.7z
2024-01-08 23:42:28,520 - aqt.helper - INFO - helper 140442161604416 Redirected: qt.mirror.constant.com
2024-01-08 23:42:29,826 - aqt.installer - INFO - installer 140442161604416 Finished installation of qttranslations-Windows-Windows_10_22H2-Clang-Windows-WebAssembly-X86_64.7z in 3.13607855
2024-01-08 23:42:31,237 - aqt.installer - WARNING - installer 140160658646848 Caught KeyboardInterrupt, terminating installer workers
2024-01-08 23:42:31,257 - aqt.main - ERROR - installer 140160658646848 Installer halted by keyboard interrupt.
2024-01-08 23:42:34,615 - aqt.main - INFO - installer 140099555559232 aqtinstall(aqt) v3.1.11 on Python 3.11.6 [CPython GCC 13.2.1 20230801]
2024-01-08 23:42:34,616 - aqt.main - INFO - installer 140099555559232 You are installing the Qt6-WASM version of Qt, which requires that the desktop version of Qt is also installed. Now installing Qt: desktop 6.6.0 gcc_64
2024-01-08 23:42:34,616 - aqt.helper - DEBUG - helper 140099555559232 Attempt to download checksum at https://download.qt.io/online/qtsdkrepository/linux_x64/desktop/qt6_660/Updates.xml.sha256
2024-01-08 23:42:35,756 - aqt.helper - DEBUG - helper 140099555559232 Attempt to download checksum at https://download.qt.io/online/qtsdkrepository/linux_x64/desktop/qt6_660_wasm_singlethread/Updates.xml.sha256
2024-01-08 23:42:37,504 - aqt.helper - DEBUG - helper 139695202408256 Attempt to download checksum at https://download.qt.io/online/qtsdkrepository/linux_x64/desktop/qt6_660_wasm_singlethread/qt.qt6.660.wasm_singlethread/6.6.0-0-202310040911qtbase-Windows-Windows_10_22H2-Clang-Windows-WebAssembly-X86_64.7z.sha256
2024-01-08 23:42:37,516 - aqt.helper - DEBUG - helper 140306036954944 Attempt to download checksum at https://download.qt.io/online/qtsdkrepository/linux_x64/desktop/qt6_660_wasm_singlethread/qt.qt6.660.wasm_singlethread/6.6.0-0-202310040911qtsvg-Windows-Windows_10_22H2-Clang-Windows-WebAssembly-X86_64.7z.sha256
2024-01-08 23:42:37,530 - aqt.helper - DEBUG - helper 140470718551872 Attempt to download checksum at https://download.qt.io/online/qtsdkrepository/linux_x64/desktop/qt6_660_wasm_singlethread/qt.qt6.660.wasm_singlethread/6.6.0-0-202310040911qtdeclarative-Windows-Windows_10_22H2-Clang-Windows-WebAssembly-X86_64.7z.sha256
2024-01-08 23:42:37,541 - aqt.helper - DEBUG - helper 139760146814784 Attempt to download checksum at https://download.qt.io/online/qtsdkrepository/linux_x64/desktop/qt6_660_wasm_singlethread/qt.qt6.660.wasm_singlethread/6.6.0-0-202310040911qttools-Windows-Windows_10_22H2-Clang-Windows-WebAssembly-X86_64.7z.sha256
2024-01-08 23:42:38,074 - aqt.helper - INFO - helper 140306036954944 Downloading qtsvg...
2024-01-08 23:42:38,074 - aqt.helper - INFO - helper 139695202408256 Downloading qtbase...
2024-01-08 23:42:38,075 - aqt.installer - DEBUG - installer 140306036954944 Download URL: https://download.qt.io/online/qtsdkrepository/linux_x64/desktop/qt6_660_wasm_singlethread/qt.qt6.660.wasm_singlethread/6.6.0-0-202310040911qtsvg-Windows-Windows_10_22H2-Clang-Windows-WebAssembly-X86_64.7z
2024-01-08 23:42:38,075 - aqt.installer - DEBUG - installer 139695202408256 Download URL: https://download.qt.io/online/qtsdkrepository/linux_x64/desktop/qt6_660_wasm_singlethread/qt.qt6.660.wasm_singlethread/6.6.0-0-202310040911qtbase-Windows-Windows_10_22H2-Clang-Windows-WebAssembly-X86_64.7z
2024-01-08 23:42:38,089 - aqt.helper - INFO - helper 139760146814784 Downloading qttools...
2024-01-08 23:42:38,089 - aqt.installer - DEBUG - installer 139760146814784 Download URL: https://download.qt.io/online/qtsdkrepository/linux_x64/desktop/qt6_660_wasm_singlethread/qt.qt6.660.wasm_singlethread/6.6.0-0-202310040911qttools-Windows-Windows_10_22H2-Clang-Windows-WebAssembly-X86_64.7z
2024-01-08 23:42:38,151 - aqt.helper - INFO - helper 140470718551872 Downloading qtdeclarative...
2024-01-08 23:42:38,151 - aqt.installer - DEBUG - installer 140470718551872 Download URL: https://download.qt.io/online/qtsdkrepository/linux_x64/desktop/qt6_660_wasm_singlethread/qt.qt6.660.wasm_singlethread/6.6.0-0-202310040911qtdeclarative-Windows-Windows_10_22H2-Clang-Windows-WebAssembly-X86_64.7z
2024-01-08 23:42:38,638 - aqt.helper - DEBUG - helper 140306036954944 Asked to redirect(302) to: https://qt.mirror.constant.com/online/qtsdkrepository/linux_x64/desktop/qt6_660_wasm_singlethread/qt.qt6.660.wasm_singlethread/6.6.0-0-202310040911qtsvg-Windows-Windows_10_22H2-Clang-Windows-WebAssembly-X86_64.7z
2024-01-08 23:42:38,639 - aqt.helper - INFO - helper 140306036954944 Redirected: qt.mirror.constant.com
2024-01-08 23:42:38,644 - aqt.helper - DEBUG - helper 139695202408256 Asked to redirect(302) to: https://qt.mirror.constant.com/online/qtsdkrepository/linux_x64/desktop/qt6_660_wasm_singlethread/qt.qt6.660.wasm_singlethread/6.6.0-0-202310040911qtbase-Windows-Windows_10_22H2-Clang-Windows-WebAssembly-X86_64.7z
2024-01-08 23:42:38,646 - aqt.helper - INFO - helper 139695202408256 Redirected: qt.mirror.constant.com
2024-01-08 23:42:38,652 - aqt.helper - DEBUG - helper 139760146814784 Asked to redirect(302) to: https://qt.mirror.constant.com/online/qtsdkrepository/linux_x64/desktop/qt6_660_wasm_singlethread/qt.qt6.660.wasm_singlethread/6.6.0-0-202310040911qttools-Windows-Windows_10_22H2-Clang-Windows-WebAssembly-X86_64.7z
2024-01-08 23:42:38,652 - aqt.helper - INFO - helper 139760146814784 Redirected: qt.mirror.constant.com
2024-01-08 23:42:38,712 - aqt.helper - DEBUG - helper 140470718551872 Asked to redirect(302) to: https://qt.mirror.constant.com/online/qtsdkrepository/linux_x64/desktop/qt6_660_wasm_singlethread/qt.qt6.660.wasm_singlethread/6.6.0-0-202310040911qtdeclarative-Windows-Windows_10_22H2-Clang-Windows-WebAssembly-X86_64.7z
2024-01-08 23:42:38,712 - aqt.helper - INFO - helper 140470718551872 Redirected: qt.mirror.constant.com
2024-01-08 23:42:39,009 - aqt.installer - INFO - installer 140306036954944 Finished installation of qtsvg-Windows-Windows_10_22H2-Clang-Windows-WebAssembly-X86_64.7z in 1.49496824
2024-01-08 23:42:39,028 - aqt.helper - DEBUG - helper 140306036954944 Attempt to download checksum at https://download.qt.io/online/qtsdkrepository/linux_x64/desktop/qt6_660_wasm_singlethread/qt.qt6.660.wasm_singlethread/6.6.0-0-202310040911qttranslations-Windows-Windows_10_22H2-Clang-Windows-WebAssembly-X86_64.7z.sha256
2024-01-08 23:42:39,204 - aqt.installer - INFO - installer 139760146814784 Finished installation of qttools-Windows-Windows_10_22H2-Clang-Windows-WebAssembly-X86_64.7z in 1.66568109
2024-01-08 23:42:39,223 - aqt.helper - DEBUG - helper 139760146814784 Attempt to download checksum at https://download.qt.io/online/qtsdkrepository/linux_x64/desktop/qt6_660/qt.qt6.660.gcc_64/6.6.0-0-202310040911qtbase-Linux-RHEL_8_6-GCC-Linux-RHEL_8_6-X86_64.7z.sha256
2024-01-08 23:42:39,759 - aqt.helper - INFO - helper 140306036954944 Downloading qttranslations...
2024-01-08 23:42:39,760 - aqt.installer - DEBUG - installer 140306036954944 Download URL: https://download.qt.io/online/qtsdkrepository/linux_x64/desktop/qt6_660_wasm_singlethread/qt.qt6.660.wasm_singlethread/6.6.0-0-202310040911qttranslations-Windows-Windows_10_22H2-Clang-Windows-WebAssembly-X86_64.7z
2024-01-08 23:42:39,956 - aqt.helper - INFO - helper 139760146814784 Downloading qtbase...
2024-01-08 23:42:39,956 - aqt.installer - DEBUG - installer 139760146814784 Download URL: https://download.qt.io/online/qtsdkrepository/linux_x64/desktop/qt6_660/qt.qt6.660.gcc_64/6.6.0-0-202310040911qtbase-Linux-RHEL_8_6-GCC-Linux-RHEL_8_6-X86_64.7z
2024-01-08 23:42:40,868 - aqt.helper - DEBUG - helper 139760146814784 Asked to redirect(302) to: https://qt.mirror.constant.com/online/qtsdkrepository/linux_x64/desktop/qt6_660/qt.qt6.660.gcc_64/6.6.0-0-202310040911qtbase-Linux-RHEL_8_6-GCC-Linux-RHEL_8_6-X86_64.7z
2024-01-08 23:42:40,869 - aqt.helper - INFO - helper 139760146814784 Redirected: qt.mirror.constant.com
2024-01-08 23:42:40,872 - aqt.helper - DEBUG - helper 140306036954944 Asked to redirect(302) to: https://qt.mirror.constant.com/online/qtsdkrepository/linux_x64/desktop/qt6_660_wasm_singlethread/qt.qt6.660.wasm_singlethread/6.6.0-0-202310040911qttranslations-Windows-Windows_10_22H2-Clang-Windows-WebAssembly-X86_64.7z
2024-01-08 23:42:40,872 - aqt.helper - INFO - helper 140306036954944 Redirected: qt.mirror.constant.com
2024-01-08 23:42:42,768 - aqt.installer - INFO - installer 140306036954944 Finished installation of qttranslations-Windows-Windows_10_22H2-Clang-Windows-WebAssembly-X86_64.7z in 3.74259724
2024-01-08 23:42:42,788 - aqt.helper - DEBUG - helper 140306036954944 Attempt to download checksum at https://download.qt.io/online/qtsdkrepository/linux_x64/desktop/qt6_660/qt.qt6.660.gcc_64/6.6.0-0-202310040911qtsvg-Linux-RHEL_8_6-GCC-Linux-RHEL_8_6-X86_64.7z.sha256
2024-01-08 23:42:43,443 - aqt.helper - INFO - helper 140306036954944 Downloading qtsvg...
2024-01-08 23:42:43,444 - aqt.installer - DEBUG - installer 140306036954944 Download URL: https://download.qt.io/online/qtsdkrepository/linux_x64/desktop/qt6_660/qt.qt6.660.gcc_64/6.6.0-0-202310040911qtsvg-Linux-RHEL_8_6-GCC-Linux-RHEL_8_6-X86_64.7z
2024-01-08 23:42:43,621 - aqt.installer - INFO - installer 139695202408256 Finished installation of qtbase-Windows-Windows_10_22H2-Clang-Windows-WebAssembly-X86_64.7z in 6.12184116
2024-01-08 23:42:43,645 - aqt.helper - DEBUG - helper 139695202408256 Attempt to download checksum at https://download.qt.io/online/qtsdkrepository/linux_x64/desktop/qt6_660/qt.qt6.660.gcc_64/6.6.0-0-202310040911qtdeclarative-Linux-RHEL_8_6-GCC-Linux-RHEL_8_6-X86_64.7z.sha256
2024-01-08 23:42:44,049 - aqt.helper - DEBUG - helper 140306036954944 Asked to redirect(302) to: https://qt.mirror.constant.com/online/qtsdkrepository/linux_x64/desktop/qt6_660/qt.qt6.660.gcc_64/6.6.0-0-202310040911qtsvg-Linux-RHEL_8_6-GCC-Linux-RHEL_8_6-X86_64.7z
2024-01-08 23:42:44,049 - aqt.helper - INFO - helper 140306036954944 Redirected: qt.mirror.constant.com
2024-01-08 23:42:44,326 - aqt.helper - INFO - helper 139695202408256 Downloading qtdeclarative...
2024-01-08 23:42:44,327 - aqt.installer - DEBUG - installer 139695202408256 Download URL: https://download.qt.io/online/qtsdkrepository/linux_x64/desktop/qt6_660/qt.qt6.660.gcc_64/6.6.0-0-202310040911qtdeclarative-Linux-RHEL_8_6-GCC-Linux-RHEL_8_6-X86_64.7z
2024-01-08 23:42:44,598 - aqt.installer - INFO - installer 140306036954944 Finished installation of qtsvg-Linux-RHEL_8_6-GCC-Linux-RHEL_8_6-X86_64.7z in 1.81355355
2024-01-08 23:42:44,620 - aqt.helper - DEBUG - helper 140306036954944 Attempt to download checksum at https://download.qt.io/online/qtsdkrepository/linux_x64/desktop/qt6_660/qt.qt6.660.gcc_64/6.6.0-0-202310040911qttools-Linux-RHEL_8_6-GCC-Linux-RHEL_8_6-X86_64.7z.sha256
2024-01-08 23:42:44,971 - aqt.helper - DEBUG - helper 139695202408256 Asked to redirect(302) to: https://qt.mirror.constant.com/online/qtsdkrepository/linux_x64/desktop/qt6_660/qt.qt6.660.gcc_64/6.6.0-0-202310040911qtdeclarative-Linux-RHEL_8_6-GCC-Linux-RHEL_8_6-X86_64.7z
2024-01-08 23:42:44,972 - aqt.helper - INFO - helper 139695202408256 Redirected: qt.mirror.constant.com
2024-01-08 23:42:45,038 - aqt.installer - INFO - installer 140470718551872 Finished installation of qtdeclarative-Windows-Windows_10_22H2-Clang-Windows-WebAssembly-X86_64.7z in 7.51309361
2024-01-08 23:42:45,059 - aqt.helper - DEBUG - helper 140470718551872 Attempt to download checksum at https://download.qt.io/online/qtsdkrepository/linux_x64/desktop/qt6_660/qt.qt6.660.gcc_64/6.6.0-0-202310040911qttranslations-Linux-RHEL_8_6-GCC-Linux-RHEL_8_6-X86_64.7z.sha256
2024-01-08 23:42:45,307 - aqt.helper - INFO - helper 140306036954944 Downloading qttools...
2024-01-08 23:42:45,307 - aqt.installer - DEBUG - installer 140306036954944 Download URL: https://download.qt.io/online/qtsdkrepository/linux_x64/desktop/qt6_660/qt.qt6.660.gcc_64/6.6.0-0-202310040911qttools-Linux-RHEL_8_6-GCC-Linux-RHEL_8_6-X86_64.7z
2024-01-08 23:42:45,769 - aqt.helper - INFO - helper 140470718551872 Downloading qttranslations...
2024-01-08 23:42:45,769 - aqt.installer - DEBUG - installer 140470718551872 Download URL: https://download.qt.io/online/qtsdkrepository/linux_x64/desktop/qt6_660/qt.qt6.660.gcc_64/6.6.0-0-202310040911qttranslations-Linux-RHEL_8_6-GCC-Linux-RHEL_8_6-X86_64.7z
2024-01-08 23:42:46,077 - aqt.helper - DEBUG - helper 140306036954944 Asked to redirect(302) to: https://qt.mirror.constant.com/online/qtsdkrepository/linux_x64/desktop/qt6_660/qt.qt6.660.gcc_64/6.6.0-0-202310040911qttools-Linux-RHEL_8_6-GCC-Linux-RHEL_8_6-X86_64.7z
2024-01-08 23:42:46,077 - aqt.helper - INFO - helper 140306036954944 Redirected: qt.mirror.constant.com
2024-01-08 23:42:46,727 - aqt.helper - DEBUG - helper 140470718551872 Asked to redirect(302) to: https://qt.mirror.constant.com/online/qtsdkrepository/linux_x64/desktop/qt6_660/qt.qt6.660.gcc_64/6.6.0-0-202310040911qttranslations-Linux-RHEL_8_6-GCC-Linux-RHEL_8_6-X86_64.7z
2024-01-08 23:42:46,727 - aqt.helper - INFO - helper 140470718551872 Redirected: qt.mirror.constant.com
2024-01-08 23:42:48,453 - aqt.installer - INFO - installer 139760146814784 Finished installation of qtbase-Linux-RHEL_8_6-GCC-Linux-RHEL_8_6-X86_64.7z in 9.23223351
2024-01-08 23:42:48,477 - aqt.helper - DEBUG - helper 139760146814784 Attempt to download checksum at https://download.qt.io/online/qtsdkrepository/linux_x64/desktop/qt6_660/qt.qt6.660.gcc_64/6.6.0-0-202310040911qtwayland-Linux-RHEL_8_6-GCC-Linux-RHEL_8_6-X86_64.7z.sha256
2024-01-08 23:42:48,999 - aqt.installer - INFO - installer 140470718551872 Finished installation of qttranslations-Linux-RHEL_8_6-GCC-Linux-RHEL_8_6-X86_64.7z in 3.94222386
2024-01-08 23:42:49,019 - aqt.helper - DEBUG - helper 140470718551872 Attempt to download checksum at https://download.qt.io/online/qtsdkrepository/linux_x64/desktop/qt6_660/qt.qt6.660.gcc_64/6.6.0-0-202310040911icu-linux-Rhel7.2-x64.7z.sha256
2024-01-08 23:42:49,526 - aqt.helper - INFO - helper 139760146814784 Downloading qtwayland...
2024-01-08 23:42:49,526 - aqt.installer - DEBUG - installer 139760146814784 Download URL: https://download.qt.io/online/qtsdkrepository/linux_x64/desktop/qt6_660/qt.qt6.660.gcc_64/6.6.0-0-202310040911qtwayland-Linux-RHEL_8_6-GCC-Linux-RHEL_8_6-X86_64.7z
2024-01-08 23:42:50,143 - aqt.helper - INFO - helper 140470718551872 Downloading icu...
2024-01-08 23:42:50,143 - aqt.installer - DEBUG - installer 140470718551872 Download URL: https://download.qt.io/online/qtsdkrepository/linux_x64/desktop/qt6_660/qt.qt6.660.gcc_64/6.6.0-0-202310040911icu-linux-Rhel7.2-x64.7z
2024-01-08 23:42:50,541 - aqt.helper - DEBUG - helper 139760146814784 Asked to redirect(302) to: https://qt.mirror.constant.com/online/qtsdkrepository/linux_x64/desktop/qt6_660/qt.qt6.660.gcc_64/6.6.0-0-202310040911qtwayland-Linux-RHEL_8_6-GCC-Linux-RHEL_8_6-X86_64.7z
2024-01-08 23:42:50,541 - aqt.helper - INFO - helper 139760146814784 Redirected: qt.mirror.constant.com
2024-01-08 23:42:51,280 - aqt.helper - DEBUG - helper 140470718551872 Asked to redirect(302) to: https://qt.mirror.constant.com/online/qtsdkrepository/linux_x64/desktop/qt6_660/qt.qt6.660.gcc_64/6.6.0-0-202310040911icu-linux-Rhel7.2-x64.7z
2024-01-08 23:42:51,280 - aqt.helper - INFO - helper 140470718551872 Redirected: qt.mirror.constant.com
2024-01-08 23:42:52,955 - aqt.installer - INFO - installer 139760146814784 Finished installation of qtwayland-Linux-RHEL_8_6-GCC-Linux-RHEL_8_6-X86_64.7z in 4.48059722
2024-01-08 23:42:57,115 - aqt.installer - INFO - installer 140470718551872 Finished installation of icu-linux-Rhel7.2-x64.7z in 8.09971766
2024-01-08 23:43:00,818 - aqt.installer - INFO - installer 140306036954944 Finished installation of qttools-Linux-RHEL_8_6-GCC-Linux-RHEL_8_6-X86_64.7z in 16.20336461
2024-01-08 23:43:15,503 - aqt.installer - INFO - installer 139695202408256 Finished installation of qtdeclarative-Linux-RHEL_8_6-GCC-Linux-RHEL_8_6-X86_64.7z in 31.86036902
2024-01-08 23:43:15,636 - aqt.updater - INFO - updater 140099555559232 Patching /hdd/code/adrnoid/6.6.0/wasm_singlethread/bin/qmake
2024-01-08 23:43:15,655 - aqt.updater - INFO - updater 140099555559232 Patching /hdd/code/adrnoid/6.6.0/gcc_64/bin/qmake
2024-01-08 23:43:15,661 - aqt.updater - INFO - updater 140099555559232 Patching /hdd/code/adrnoid/6.6.0/gcc_64/lib/pkgconfig/Qt6OpenGLWidgets.pc
2024-01-08 23:43:15,662 - aqt.updater - INFO - updater 140099555559232 Patching /hdd/code/adrnoid/6.6.0/gcc_64/lib/pkgconfig/Qt6LabsSharedImage.pc
2024-01-08 23:43:15,663 - aqt.updater - INFO - updater 140099555559232 Patching /hdd/code/adrnoid/6.6.0/gcc_64/lib/pkgconfig/Qt6Quick.pc
2024-01-08 23:43:15,663 - aqt.updater - INFO - updater 140099555559232 Patching /hdd/code/adrnoid/6.6.0/gcc_64/lib/pkgconfig/Qt6Test.pc
2024-01-08 23:43:15,663 - aqt.updater - INFO - updater 140099555559232 Patching /hdd/code/adrnoid/6.6.0/gcc_64/lib/pkgconfig/Qt6QmlCore.pc
2024-01-08 23:43:15,664 - aqt.updater - INFO - updater 140099555559232 Patching /hdd/code/adrnoid/6.6.0/gcc_64/lib/pkgconfig/Qt6SvgWidgets.pc
2024-01-08 23:43:15,665 - aqt.updater - INFO - updater 140099555559232 Patching /hdd/code/adrnoid/6.6.0/gcc_64/lib/pkgconfig/Qt6QDocCatchConversionsPrivate.pc
2024-01-08 23:43:15,665 - aqt.updater - INFO - updater 140099555559232 Patching /hdd/code/adrnoid/6.6.0/gcc_64/lib/pkgconfig/Qt6LabsFolderListModel.pc
2024-01-08 23:43:15,666 - aqt.updater - INFO - updater 140099555559232 Patching /hdd/code/adrnoid/6.6.0/gcc_64/lib/pkgconfig/Qt6Linguist.pc
2024-01-08 23:43:15,666 - aqt.updater - INFO - updater 140099555559232 Patching /hdd/code/adrnoid/6.6.0/gcc_64/lib/pkgconfig/Qt6OpenGL.pc
2024-01-08 23:43:15,667 - aqt.updater - INFO - updater 140099555559232 Patching /hdd/code/adrnoid/6.6.0/gcc_64/lib/pkgconfig/Qt6QuickDialogs2Utils.pc
2024-01-08 23:43:15,667 - aqt.updater - INFO - updater 140099555559232 Patching /hdd/code/adrnoid/6.6.0/gcc_64/lib/pkgconfig/Qt6Designer.pc
2024-01-08 23:43:15,668 - aqt.updater - INFO - updater 140099555559232 Patching /hdd/code/adrnoid/6.6.0/gcc_64/lib/pkgconfig/Qt6QuickTemplates2.pc
2024-01-08 23:43:15,668 - aqt.updater - INFO - updater 140099555559232 Patching /hdd/code/adrnoid/6.6.0/gcc_64/lib/pkgconfig/Qt6QmlIntegration.pc
2024-01-08 23:43:15,668 - aqt.updater - INFO - updater 140099555559232 Patching /hdd/code/adrnoid/6.6.0/gcc_64/lib/pkgconfig/Qt6Platform.pc
2024-01-08 23:43:15,668 - aqt.updater - INFO - updater 140099555559232 Patching /hdd/code/adrnoid/6.6.0/gcc_64/lib/pkgconfig/Qt6Network.pc
2024-01-08 23:43:15,669 - aqt.updater - INFO - updater 140099555559232 Patching /hdd/code/adrnoid/6.6.0/gcc_64/lib/pkgconfig/Qt6QmlModels.pc
2024-01-08 23:43:15,669 - aqt.updater - INFO - updater 140099555559232 Patching /hdd/code/adrnoid/6.6.0/gcc_64/lib/pkgconfig/Qt6QmlWorkerScript.pc
2024-01-08 23:43:15,669 - aqt.updater - INFO - updater 140099555559232 Patching /hdd/code/adrnoid/6.6.0/gcc_64/lib/pkgconfig/Qt6LabsAnimation.pc
2024-01-08 23:43:15,669 - aqt.updater - INFO - updater 140099555559232 Patching /hdd/code/adrnoid/6.6.0/gcc_64/lib/pkgconfig/Qt6QmlXmlListModel.pc
2024-01-08 23:43:15,670 - aqt.updater - INFO - updater 140099555559232 Patching /hdd/code/adrnoid/6.6.0/gcc_64/lib/pkgconfig/Qt6Qml.pc
2024-01-08 23:43:15,670 - aqt.updater - INFO - updater 140099555559232 Patching /hdd/code/adrnoid/6.6.0/gcc_64/lib/pkgconfig/Qt6QuickTest.pc
2024-01-08 23:43:15,670 - aqt.updater - INFO - updater 140099555559232 Patching /hdd/code/adrnoid/6.6.0/gcc_64/lib/pkgconfig/Qt6LabsSettings.pc
2024-01-08 23:43:15,670 - aqt.updater - INFO - updater 140099555559232 Patching /hdd/code/adrnoid/6.6.0/gcc_64/lib/pkgconfig/Qt6PrintSupport.pc
2024-01-08 23:43:15,671 - aqt.updater - INFO - updater 140099555559232 Patching /hdd/code/adrnoid/6.6.0/gcc_64/lib/pkgconfig/Qt6UiPlugin.pc
2024-01-08 23:43:15,671 - aqt.updater - INFO - updater 140099555559232 Patching /hdd/code/adrnoid/6.6.0/gcc_64/lib/pkgconfig/Qt6LabsWavefrontMesh.pc
2024-01-08 23:43:15,671 - aqt.updater - INFO - updater 140099555559232 Patching /hdd/code/adrnoid/6.6.0/gcc_64/lib/pkgconfig/Qt6Widgets.pc
2024-01-08 23:43:15,671 - aqt.updater - INFO - updater 140099555559232 Patching /hdd/code/adrnoid/6.6.0/gcc_64/lib/pkgconfig/Qt6Help.pc
2024-01-08 23:43:15,671 - aqt.updater - INFO - updater 140099555559232 Patching /hdd/code/adrnoid/6.6.0/gcc_64/lib/pkgconfig/Qt6DBus.pc
2024-01-08 23:43:15,672 - aqt.updater - INFO - updater 140099555559232 Patching /hdd/code/adrnoid/6.6.0/gcc_64/lib/pkgconfig/Qt6UiTools.pc
2024-01-08 23:43:15,672 - aqt.updater - INFO - updater 140099555559232 Patching /hdd/code/adrnoid/6.6.0/gcc_64/lib/pkgconfig/Qt6QuickWidgets.pc
2024-01-08 23:43:15,672 - aqt.updater - INFO - updater 140099555559232 Patching /hdd/code/adrnoid/6.6.0/gcc_64/lib/pkgconfig/Qt6QuickLayouts.pc
2024-01-08 23:43:15,672 - aqt.updater - INFO - updater 140099555559232 Patching /hdd/code/adrnoid/6.6.0/gcc_64/lib/pkgconfig/Qt6Sql.pc
2024-01-08 23:43:15,672 - aqt.updater - INFO - updater 140099555559232 Patching /hdd/code/adrnoid/6.6.0/gcc_64/lib/pkgconfig/Qt6Concurrent.pc
2024-01-08 23:43:15,673 - aqt.updater - INFO - updater 140099555559232 Patching /hdd/code/adrnoid/6.6.0/gcc_64/lib/pkgconfig/Qt6Svg.pc
2024-01-08 23:43:15,673 - aqt.updater - INFO - updater 140099555559232 Patching /hdd/code/adrnoid/6.6.0/gcc_64/lib/pkgconfig/Qt6Xml.pc
2024-01-08 23:43:15,673 - aqt.updater - INFO - updater 140099555559232 Patching /hdd/code/adrnoid/6.6.0/gcc_64/lib/pkgconfig/Qt6QuickControls2Impl.pc
2024-01-08 23:43:15,673 - aqt.updater - INFO - updater 140099555559232 Patching /hdd/code/adrnoid/6.6.0/gcc_64/lib/pkgconfig/Qt6Gui.pc
2024-01-08 23:43:15,674 - aqt.updater - INFO - updater 140099555559232 Patching /hdd/code/adrnoid/6.6.0/gcc_64/lib/pkgconfig/Qt6QDocCatchGeneratorsPrivate.pc
2024-01-08 23:43:15,674 - aqt.updater - INFO - updater 140099555559232 Patching /hdd/code/adrnoid/6.6.0/gcc_64/lib/pkgconfig/Qt6QmlCompiler.pc
2024-01-08 23:43:15,674 - aqt.updater - INFO - updater 140099555559232 Patching /hdd/code/adrnoid/6.6.0/gcc_64/lib/pkgconfig/Qt6WaylandClient.pc
2024-01-08 23:43:15,674 - aqt.updater - INFO - updater 140099555559232 Patching /hdd/code/adrnoid/6.6.0/gcc_64/lib/pkgconfig/Qt6QuickDialogs2.pc
2024-01-08 23:43:15,674 - aqt.updater - INFO - updater 140099555559232 Patching /hdd/code/adrnoid/6.6.0/gcc_64/lib/pkgconfig/Qt6Core.pc
2024-01-08 23:43:15,675 - aqt.updater - INFO - updater 140099555559232 Patching /hdd/code/adrnoid/6.6.0/gcc_64/lib/pkgconfig/Qt6LabsQmlModels.pc
2024-01-08 23:43:15,675 - aqt.updater - INFO - updater 140099555559232 Patching /hdd/code/adrnoid/6.6.0/gcc_64/lib/pkgconfig/Qt6QuickControls2.pc
2024-01-08 23:43:15,675 - aqt.updater - INFO - updater 140099555559232 Patching /hdd/code/adrnoid/6.6.0/gcc_64/lib/pkgconfig/Qt6QuickDialogs2QuickImpl.pc
2024-01-08 23:43:15,675 - aqt.updater - INFO - updater 140099555559232 Patching /hdd/code/adrnoid/6.6.0/gcc_64/lib/pkgconfig/Qt6QmlLocalStorage.pc
2024-01-08 23:43:15,676 - aqt.updater - INFO - updater 140099555559232 Patching /hdd/code/adrnoid/6.6.0/gcc_64/lib/libQt6EglFsKmsSupport.prl
2024-01-08 23:43:15,677 - aqt.updater - INFO - updater 140099555559232 Patching /hdd/code/adrnoid/6.6.0/gcc_64/lib/libQt6Gui.prl
2024-01-08 23:43:15,677 - aqt.updater - INFO - updater 140099555559232 Patching /hdd/code/adrnoid/6.6.0/gcc_64/lib/libQt6Help.prl
2024-01-08 23:43:15,677 - aqt.updater - INFO - updater 140099555559232 Patching /hdd/code/adrnoid/6.6.0/gcc_64/lib/libQt6QmlXmlListModel.prl
2024-01-08 23:43:15,677 - aqt.updater - INFO - updater 140099555559232 Patching /hdd/code/adrnoid/6.6.0/gcc_64/lib/libQt6QuickTestUtils.prl
2024-01-08 23:43:15,677 - aqt.updater - INFO - updater 140099555559232 Patching /hdd/code/adrnoid/6.6.0/gcc_64/lib/libQt6LabsSettings.prl
2024-01-08 23:43:15,678 - aqt.updater - INFO - updater 140099555559232 Patching /hdd/code/adrnoid/6.6.0/gcc_64/lib/libQt6ExampleIcons.prl
2024-01-08 23:43:15,678 - aqt.updater - INFO - updater 140099555559232 Patching /hdd/code/adrnoid/6.6.0/gcc_64/lib/libQt6FbSupport.prl
2024-01-08 23:43:15,678 - aqt.updater - INFO - updater 140099555559232 Patching /hdd/code/adrnoid/6.6.0/gcc_64/lib/libQt6DesignerComponents.prl
2024-01-08 23:43:15,679 - aqt.updater - INFO - updater 140099555559232 Patching /hdd/code/adrnoid/6.6.0/gcc_64/lib/libQt6Test.prl
2024-01-08 23:43:15,679 - aqt.updater - INFO - updater 140099555559232 Patching /hdd/code/adrnoid/6.6.0/gcc_64/lib/libQt6QuickLayouts.prl
2024-01-08 23:43:15,680 - aqt.updater - INFO - updater 140099555559232 Patching /hdd/code/adrnoid/6.6.0/gcc_64/lib/libQt6OpenGLWidgets.prl
2024-01-08 23:43:15,680 - aqt.updater - INFO - updater 140099555559232 Patching /hdd/code/adrnoid/6.6.0/gcc_64/lib/libQt6QmlTypeRegistrar.prl
2024-01-08 23:43:15,680 - aqt.updater - INFO - updater 140099555559232 Patching /hdd/code/adrnoid/6.6.0/gcc_64/lib/libQt6LabsSharedImage.prl
2024-01-08 23:43:15,681 - aqt.updater - INFO - updater 140099555559232 Patching /hdd/code/adrnoid/6.6.0/gcc_64/lib/libQt6Widgets.prl
2024-01-08 23:43:15,681 - aqt.updater - INFO - updater 140099555559232 Patching /hdd/code/adrnoid/6.6.0/gcc_64/lib/libQt6SvgWidgets.prl
2024-01-08 23:43:15,681 - aqt.updater - INFO - updater 140099555559232 Patching /hdd/code/adrnoid/6.6.0/gcc_64/lib/libQt6UiTools.prl
2024-01-08 23:43:15,681 - aqt.updater - INFO - updater 140099555559232 Patching /hdd/code/adrnoid/6.6.0/gcc_64/lib/libQt6QmlDom.prl
2024-01-08 23:43:15,681 - aqt.updater - INFO - updater 140099555559232 Patching /hdd/code/adrnoid/6.6.0/gcc_64/lib/libQt6DeviceDiscoverySupport.prl
2024-01-08 23:43:15,682 - aqt.updater - INFO - updater 140099555559232 Patching /hdd/code/adrnoid/6.6.0/gcc_64/lib/libQt6Quick.prl
2024-01-08 23:43:15,682 - aqt.updater - INFO - updater 140099555559232 Patching /hdd/code/adrnoid/6.6.0/gcc_64/lib/libQt6LabsWavefrontMesh.prl
2024-01-08 23:43:15,682 - aqt.updater - INFO - updater 140099555559232 Patching /hdd/code/adrnoid/6.6.0/gcc_64/lib/libQt6QuickControls2.prl
2024-01-08 23:43:15,682 - aqt.updater - INFO - updater 140099555559232 Patching /hdd/code/adrnoid/6.6.0/gcc_64/lib/libQt6Network.prl
2024-01-08 23:43:15,683 - aqt.updater - INFO - updater 140099555559232 Patching /hdd/code/adrnoid/6.6.0/gcc_64/lib/libQt6Qml.prl
2024-01-08 23:43:15,683 - aqt.updater - INFO - updater 140099555559232 Patching /hdd/code/adrnoid/6.6.0/gcc_64/lib/libQt6QmlModels.prl
2024-01-08 23:43:15,684 - aqt.updater - INFO - updater 140099555559232 Patching /hdd/code/adrnoid/6.6.0/gcc_64/lib/libQt6QmlCompiler.prl
2024-01-08 23:43:15,684 - aqt.updater - INFO - updater 140099555559232 Patching /hdd/code/adrnoid/6.6.0/gcc_64/lib/libQt6OpenGL.prl
2024-01-08 23:43:15,685 - aqt.updater - INFO - updater 140099555559232 Patching /hdd/code/adrnoid/6.6.0/gcc_64/lib/libQt6InputSupport.prl
2024-01-08 23:43:15,685 - aqt.updater - INFO - updater 140099555559232 Patching /hdd/code/adrnoid/6.6.0/gcc_64/lib/libQt6PrintSupport.prl
2024-01-08 23:43:15,685 - aqt.updater - INFO - updater 140099555559232 Patching /hdd/code/adrnoid/6.6.0/gcc_64/lib/libQt6QmlLS.prl
2024-01-08 23:43:15,686 - aqt.updater - INFO - updater 140099555559232 Patching /hdd/code/adrnoid/6.6.0/gcc_64/lib/libQt6QmlWorkerScript.prl
2024-01-08 23:43:15,686 - aqt.updater - INFO - updater 140099555559232 Patching /hdd/code/adrnoid/6.6.0/gcc_64/lib/libQt6QuickTest.prl
2024-01-08 23:43:15,686 - aqt.updater - INFO - updater 140099555559232 Patching /hdd/code/adrnoid/6.6.0/gcc_64/lib/libQt6Designer.prl
2024-01-08 23:43:15,687 - aqt.updater - INFO - updater 140099555559232 Patching /hdd/code/adrnoid/6.6.0/gcc_64/lib/libQt6QuickDialogs2Utils.prl
2024-01-08 23:43:15,687 - aqt.updater - INFO - updater 140099555559232 Patching /hdd/code/adrnoid/6.6.0/gcc_64/lib/libQt6WaylandEglClientHwIntegration.prl
2024-01-08 23:43:15,687 - aqt.updater - INFO - updater 140099555559232 Patching /hdd/code/adrnoid/6.6.0/gcc_64/lib/libQt6Sql.prl
2024-01-08 23:43:15,687 - aqt.updater - INFO - updater 140099555559232 Patching /hdd/code/adrnoid/6.6.0/gcc_64/lib/libQt6QuickParticles.prl
2024-01-08 23:43:15,688 - aqt.updater - INFO - updater 140099555559232 Patching /hdd/code/adrnoid/6.6.0/gcc_64/lib/libQt6PacketProtocol.prl
2024-01-08 23:43:15,688 - aqt.updater - INFO - updater 140099555559232 Patching /hdd/code/adrnoid/6.6.0/gcc_64/lib/libQt6Svg.prl
2024-01-08 23:43:15,688 - aqt.updater - INFO - updater 140099555559232 Patching /hdd/code/adrnoid/6.6.0/gcc_64/lib/libQt6WlShellIntegration.prl
2024-01-08 23:43:15,689 - aqt.updater - INFO - updater 140099555559232 Patching /hdd/code/adrnoid/6.6.0/gcc_64/lib/libQt6QuickShapes.prl
2024-01-08 23:43:15,689 - aqt.updater - INFO - updater 140099555559232 Patching /hdd/code/adrnoid/6.6.0/gcc_64/lib/libQt6QmlToolingSettings.prl
2024-01-08 23:43:15,689 - aqt.updater - INFO - updater 140099555559232 Patching /hdd/code/adrnoid/6.6.0/gcc_64/lib/libQt6WaylandClient.prl
2024-01-08 23:43:15,689 - aqt.updater - INFO - updater 140099555559232 Patching /hdd/code/adrnoid/6.6.0/gcc_64/lib/libQt6QuickDialogs2.prl
2024-01-08 23:43:15,689 - aqt.updater - INFO - updater 140099555559232 Patching /hdd/code/adrnoid/6.6.0/gcc_64/lib/libQt6QmlDebug.prl
2024-01-08 23:43:15,690 - aqt.updater - INFO - updater 140099555559232 Patching /hdd/code/adrnoid/6.6.0/gcc_64/lib/libQt6Xml.prl
2024-01-08 23:43:15,690 - aqt.updater - INFO - updater 140099555559232 Patching /hdd/code/adrnoid/6.6.0/gcc_64/lib/libQt6EglFSDeviceIntegration.prl
2024-01-08 23:43:15,690 - aqt.updater - INFO - updater 140099555559232 Patching /hdd/code/adrnoid/6.6.0/gcc_64/lib/libQt6QuickControlsTestUtils.prl
2024-01-08 23:43:15,690 - aqt.updater - INFO - updater 140099555559232 Patching /hdd/code/adrnoid/6.6.0/gcc_64/lib/libQt6LabsAnimation.prl
2024-01-08 23:43:15,690 - aqt.updater - INFO - updater 140099555559232 Patching /hdd/code/adrnoid/6.6.0/gcc_64/lib/libQt6QmlCore.prl
2024-01-08 23:43:15,691 - aqt.updater - INFO - updater 140099555559232 Patching /hdd/code/adrnoid/6.6.0/gcc_64/lib/libQt6KmsSupport.prl
2024-01-08 23:43:15,691 - aqt.updater - INFO - updater 140099555559232 Patching /hdd/code/adrnoid/6.6.0/gcc_64/lib/libQt6Core.prl
2024-01-08 23:43:15,691 - aqt.updater - INFO - updater 140099555559232 Patching /hdd/code/adrnoid/6.6.0/gcc_64/lib/libQt6QuickDialogs2QuickImpl.prl
2024-01-08 23:43:15,691 - aqt.updater - INFO - updater 140099555559232 Patching /hdd/code/adrnoid/6.6.0/gcc_64/lib/libQt6LabsQmlModels.prl
2024-01-08 23:43:15,692 - aqt.updater - INFO - updater 140099555559232 Patching /hdd/code/adrnoid/6.6.0/gcc_64/lib/libQt6QuickControls2Impl.prl
2024-01-08 23:43:15,692 - aqt.updater - INFO - updater 140099555559232 Patching /hdd/code/adrnoid/6.6.0/gcc_64/lib/libQt6QuickEffects.prl
2024-01-08 23:43:15,692 - aqt.updater - INFO - updater 140099555559232 Patching /hdd/code/adrnoid/6.6.0/gcc_64/lib/libQt6XcbQpa.prl
2024-01-08 23:43:15,692 - aqt.updater - INFO - updater 140099555559232 Patching /hdd/code/adrnoid/6.6.0/gcc_64/lib/libQt6QuickWidgets.prl
2024-01-08 23:43:15,692 - aqt.updater - INFO - updater 140099555559232 Patching /hdd/code/adrnoid/6.6.0/gcc_64/lib/libQt6LabsFolderListModel.prl
2024-01-08 23:43:15,693 - aqt.updater - INFO - updater 140099555559232 Patching /hdd/code/adrnoid/6.6.0/gcc_64/lib/libQt6QuickTemplates2.prl
2024-01-08 23:43:15,693 - aqt.updater - INFO - updater 140099555559232 Patching /hdd/code/adrnoid/6.6.0/gcc_64/lib/libQt6QmlLocalStorage.prl
2024-01-08 23:43:15,693 - aqt.updater - INFO - updater 140099555559232 Patching /hdd/code/adrnoid/6.6.0/gcc_64/lib/libQt6DBus.prl
2024-01-08 23:43:15,693 - aqt.updater - INFO - updater 140099555559232 Patching /hdd/code/adrnoid/6.6.0/gcc_64/lib/libQt6Concurrent.prl
2024-01-08 23:43:15,693 - aqt.main - INFO - installer 140099555559232 Finished installation
2024-01-08 23:43:15,693 - aqt.main - INFO - installer 140099555559232 Time elapsed: 41.07849085 second
